TN:
SF:src/presentation/errors/index.js
FNF:0
FNH:0
DA:1,1
DA:2,1
DA:3,1
DA:4,1
DA:5,1
DA:6,1
DA:7,1
DA:8,1
DA:9,1
DA:10,1
DA:11,1
LF:11
LH:11
BRF:0
BRH:0
end_of_record
TN:
SF:src/presentation/errors/invalid-param-error.js
FN:2,InvalidParamError
FNF:1
FNH:1
FNDA:2,InvalidParamError
DA:1,1
DA:2,1
DA:3,2
DA:4,2
DA:5,2
DA:6,1
LF:6
LH:6
BRDA:2,0,0,2
BRF:1
BRH:1
end_of_record
TN:
SF:src/presentation/errors/missing-param-error.js
FN:2,MissingParamError
FNF:1
FNH:1
FNDA:4,MissingParamError
DA:1,1
DA:2,1
DA:3,4
DA:4,4
DA:5,4
DA:6,1
LF:6
LH:6
BRDA:2,0,0,4
BRF:1
BRH:1
end_of_record
TN:
SF:src/presentation/errors/server-error.js
FN:2,UnauthorizedError
FNF:1
FNH:1
FNDA:15,UnauthorizedError
DA:1,1
DA:2,1
DA:3,15
DA:4,15
DA:5,15
DA:6,1
LF:6
LH:6
BRDA:2,0,0,15
BRF:1
BRH:1
end_of_record
TN:
SF:src/presentation/errors/unauthorized-error.js
FN:2,UnauthorizedError
FNF:1
FNH:1
FNDA:2,UnauthorizedError
DA:1,1
DA:2,1
DA:3,2
DA:4,2
DA:5,2
DA:6,1
LF:6
LH:6
BRDA:2,0,0,2
BRF:1
BRH:1
end_of_record
TN:
SF:src/presentation/helpers/http-response.js
FN:4,badRequest
FN:11,serverError
FN:18,unauthorizedError
FN:25,ok
FNF:4
FNH:4
FNDA:3,badRequest
FNDA:8,serverError
FNDA:1,unauthorizedError
FNDA:3,ok
DA:1,1
DA:2,1
DA:3,1
DA:4,1
DA:5,3
DA:6,3
DA:7,3
DA:8,3
DA:9,3
DA:10,1
DA:11,1
DA:12,8
DA:13,8
DA:14,8
DA:15,8
DA:16,8
DA:17,1
DA:18,1
DA:19,1
DA:20,1
DA:21,1
DA:22,1
DA:23,1
DA:24,1
DA:25,1
DA:26,3
DA:27,3
DA:28,3
DA:29,3
DA:30,3
DA:31,1
LF:31
LH:31
BRDA:4,0,0,3
BRDA:11,1,0,8
BRDA:18,2,0,1
BRDA:25,3,0,3
BRF:4
BRH:4
end_of_record
TN:
SF:src/presentation/routers/login-router.js
FN:4,LoginRouter
FN:9,route
FNF:2
FNH:2
FNDA:15,LoginRouter
FNDA:15,route
DA:1,1
DA:2,1
DA:3,1
DA:4,1
DA:5,15
DA:6,15
DA:7,15
DA:8,1
DA:9,1
DA:10,15
DA:11,15
DA:12,15
DA:13,1
DA:14,1
DA:15,15
DA:16,1
DA:17,1
DA:18,15
DA:19,1
DA:20,1
DA:21,4
DA:22,15
DA:23,1
DA:24,1
DA:25,15
DA:26,15
DA:27,8
DA:28,8
DA:29,8
DA:30,15
DA:31,1
LF:31
LH:31
BRDA:4,0,0,15
BRDA:9,1,0,15
BRDA:12,2,0,1
BRDA:15,3,0,12
BRDA:15,4,0,1
BRDA:18,5,0,5
BRDA:18,6,0,1
BRDA:21,7,0,4
BRDA:22,8,0,1
BRDA:26,9,0,8
BRF:10
BRH:10
end_of_record
TN:
SF:src/utils/email-validator.js
FN:4,isValid
FNF:1
FNH:1
FNDA:3,isValid
DA:1,1
DA:2,1
DA:3,1
DA:4,1
DA:5,3
DA:6,3
DA:7,1
LF:7
LH:7
BRDA:4,0,0,3
BRF:1
BRH:1
end_of_record
